[35m[1mConsolidate compiler generated dependencies of target mpu9250[0m
[ 66%] [32mBuilding CXX object CMakeFiles/mpu9250.dir/src/mpu9250_publisher_node.cpp.o[0m
[ 66%] [32mBuilding CXX object CMakeFiles/mpu9250.dir/src/mpu9250.cpp.o[0m
[01m[K/home/hkn/mpu9250_ws/src/mpu9250_publisher/src/mpu9250_publisher_node.cpp:[m[K In constructor â€˜[01m[KMPU9250Publisher::MPU9250Publisher()[m[Kâ€™:
[01m[K/home/hkn/mpu9250_ws/src/mpu9250_publisher/src/mpu9250_publisher_node.cpp:21:28:[m[K [01;31m[Kerror: [m[Kâ€˜[01m[KaccelX[m[Kâ€™ was not declared in this scope; did you mean â€˜[01m[Kaccess[m[Kâ€™?
   21 |     mpu9250_.readAccelData([01;31m[KaccelX[m[K, accelY, accelZ);
      |                            [01;31m[K^~~~~~[m[K
      |                            [32m[Kaccess[m[K
[01m[K/home/hkn/mpu9250_ws/src/mpu9250_publisher/src/mpu9250_publisher_node.cpp:21:36:[m[K [01;31m[Kerror: [m[Kâ€˜[01m[KaccelY[m[Kâ€™ was not declared in this scope; did you mean â€˜[01m[Kaccess[m[Kâ€™?
   21 |     mpu9250_.readAccelData(accelX, [01;31m[KaccelY[m[K, accelZ);
      |                                    [01;31m[K^~~~~~[m[K
      |                                    [32m[Kaccess[m[K
[01m[K/home/hkn/mpu9250_ws/src/mpu9250_publisher/src/mpu9250_publisher_node.cpp:21:44:[m[K [01;31m[Kerror: [m[Kâ€˜[01m[KaccelZ[m[Kâ€™ was not declared in this scope; did you mean â€˜[01m[Kaccess[m[Kâ€™?
   21 |     mpu9250_.readAccelData(accelX, accelY, [01;31m[KaccelZ[m[K);
      |                                            [01;31m[K^~~~~~[m[K
      |                                            [32m[Kaccess[m[K
[01m[K/home/hkn/mpu9250_ws/src/mpu9250_publisher/src/mpu9250_publisher_node.cpp:22:27:[m[K [01;31m[Kerror: [m[Kâ€˜[01m[KgyroX[m[Kâ€™ was not declared in this scope
   22 |     mpu9250_.readGyroData([01;31m[KgyroX[m[K, gyroY, gyroZ);
      |                           [01;31m[K^~~~~[m[K
[01m[K/home/hkn/mpu9250_ws/src/mpu9250_publisher/src/mpu9250_publisher_node.cpp:22:34:[m[K [01;31m[Kerror: [m[Kâ€˜[01m[KgyroY[m[Kâ€™ was not declared in this scope
   22 |     mpu9250_.readGyroData(gyroX, [01;31m[KgyroY[m[K, gyroZ);
      |                                  [01;31m[K^~~~~[m[K
[01m[K/home/hkn/mpu9250_ws/src/mpu9250_publisher/src/mpu9250_publisher_node.cpp:22:41:[m[K [01;31m[Kerror: [m[Kâ€˜[01m[KgyroZ[m[Kâ€™ was not declared in this scope
   22 |     mpu9250_.readGyroData(gyroX, gyroY, [01;31m[KgyroZ[m[K);
      |                                         [01;31m[K^~~~~[m[K
[01m[K/home/hkn/mpu9250_ws/src/mpu9250_publisher/src/mpu9250_publisher_node.cpp:23:35:[m[K [01;31m[Kerror: [m[Kâ€˜[01m[KmagX[m[Kâ€™ was not declared in this scope
   23 |     mpu9250_.readMagnetometerData([01;31m[KmagX[m[K, magY, magZ);
      |                                   [01;31m[K^~~~[m[K
[01m[K/home/hkn/mpu9250_ws/src/mpu9250_publisher/src/mpu9250_publisher_node.cpp:23:41:[m[K [01;31m[Kerror: [m[Kâ€˜[01m[KmagY[m[Kâ€™ was not declared in this scope
   23 |     mpu9250_.readMagnetometerData(magX, [01;31m[KmagY[m[K, magZ);
      |                                         [01;31m[K^~~~[m[K
[01m[K/home/hkn/mpu9250_ws/src/mpu9250_publisher/src/mpu9250_publisher_node.cpp:23:47:[m[K [01;31m[Kerror: [m[Kâ€˜[01m[KmagZ[m[Kâ€™ was not declared in this scope
   23 |     mpu9250_.readMagnetometerData(magX, magY, [01;31m[KmagZ[m[K);
      |                                               [01;31m[K^~~~[m[K
gmake[2]: *** [CMakeFiles/mpu9250.dir/build.make:76: CMakeFiles/mpu9250.dir/src/mpu9250_publisher_node.cpp.o] Error 1
gmake[1]: *** [CMakeFiles/Makefile2:137: CMakeFiles/mpu9250.dir/all] Error 2
gmake: *** [Makefile:146: all] Error 2
