[0.012s] Invoking command in '/home/hkn/mpu9250_ws/src/build/mpu9250_publisher': CMAKE_PREFIX_PATH=/opt/ros/humble /usr/bin/cmake /home/hkn/mpu9250_ws/src/mpu9250_publisher -DCMAKE_INSTALL_PREFIX=/home/hkn/mpu9250_ws/src/install/mpu9250_publisher
[0.028s] -- Found ament_cmake: 1.3.10 (/opt/ros/humble/share/ament_cmake/cmake)
[0.181s] -- Found rclcpp: 16.0.10 (/opt/ros/humble/share/rclcpp/cmake)
[0.219s] -- Found rosidl_generator_c: 3.1.5 (/opt/ros/humble/share/rosidl_generator_c/cmake)
[0.222s] -- Found rosidl_adapter: 3.1.5 (/opt/ros/humble/share/rosidl_adapter/cmake)
[0.231s] -- Found rosidl_generator_cpp: 3.1.5 (/opt/ros/humble/share/rosidl_generator_cpp/cmake)
[0.244s] -- Using all available rosidl_typesupport_c: rosidl_typesupport_fastrtps_c;rosidl_typesupport_introspection_c
[0.259s] -- Using all available rosidl_typesupport_cpp: rosidl_typesupport_fastrtps_cpp;rosidl_typesupport_introspection_cpp
[0.302s] -- Found rmw_implementation_cmake: 6.1.2 (/opt/ros/humble/share/rmw_implementation_cmake/cmake)
[0.306s] -- Found rmw_fastrtps_cpp: 6.2.7 (/opt/ros/humble/share/rmw_fastrtps_cpp/cmake)
[0.422s] -- Using RMW implementation 'rmw_fastrtps_cpp' as default
[0.483s] -- Found sensor_msgs: 4.2.4 (/opt/ros/humble/share/sensor_msgs/cmake)
[0.523s] -- Found ament_lint_auto: 0.12.11 (/opt/ros/humble/share/ament_lint_auto/cmake)
[0.607s] -- Added test 'cppcheck' to perform static code analysis on C / C++ code
[0.607s] -- Configured cppcheck include dirs: 
[0.607s] -- Configured cppcheck exclude dirs and/or files: 
[0.608s] -- Added test 'lint_cmake' to check CMake code style
[0.610s] -- Added test 'uncrustify' to check C / C++ code style
[0.610s] -- Configured uncrustify additional arguments: 
[0.611s] -- Added test 'xmllint' to check XML markup files
[0.613s] -- Configuring done
[0.625s] -- Generating done
[0.626s] -- Build files have been written to: /home/hkn/mpu9250_ws/src/build/mpu9250_publisher
[0.636s] Invoked command in '/home/hkn/mpu9250_ws/src/build/mpu9250_publisher' returned '0': CMAKE_PREFIX_PATH=/opt/ros/humble /usr/bin/cmake /home/hkn/mpu9250_ws/src/mpu9250_publisher -DCMAKE_INSTALL_PREFIX=/home/hkn/mpu9250_ws/src/install/mpu9250_publisher
[0.639s] Invoking command in '/home/hkn/mpu9250_ws/src/build/mpu9250_publisher': CMAKE_PREFIX_PATH=/opt/ros/humble /usr/bin/cmake --build /home/hkn/mpu9250_ws/src/build/mpu9250_publisher -- -j8 -l8
[0.698s] [ 66%] [32mBuilding CXX object CMakeFiles/mpu9250.dir/src/mpu9250.cpp.o[0m
[0.699s] [ 66%] [32mBuilding CXX object CMakeFiles/mpu9250.dir/src/mpu9250_publisher_node.cpp.o[0m
[0.709s] [01m[K/home/hkn/mpu9250_ws/src/mpu9250_publisher/src/mpu9250.cpp:1:10:[m[K [01;31m[Kfatal error: [m[Kmpu9250.hpp: No such file or directory
[0.709s]     1 | #include [01;31m[K"mpu9250.hpp"[m[K
[0.709s]       |          [01;31m[K^~~~~~~~~~~~~[m[K
[0.710s] compilation terminated.
[0.710s] gmake[2]: *** [CMakeFiles/mpu9250.dir/build.make:90: CMakeFiles/mpu9250.dir/src/mpu9250.cpp.o] Error 1
[0.710s] gmake[2]: *** Waiting for unfinished jobs....
[0.997s] [01m[K/home/hkn/mpu9250_ws/src/mpu9250_publisher/src/mpu9250_publisher_node.cpp:6:10:[m[K [01;31m[Kfatal error: [m[Kinclude/mpu9250_publisher/mpu9250.hpp: No such file or directory
[0.997s]     6 | #include [01;31m[K"include/mpu9250_publisher/mpu9250.hpp"[m[K
[0.997s]       |          [01;31m[K^~~~~~~~~~~~~~~~~~~~~~~~~~~~~~~~~~~~~~~[m[K
[0.997s] compilation terminated.
[1.000s] gmake[2]: *** [CMakeFiles/mpu9250.dir/build.make:76: CMakeFiles/mpu9250.dir/src/mpu9250_publisher_node.cpp.o] Error 1
[1.000s] gmake[1]: *** [CMakeFiles/Makefile2:137: CMakeFiles/mpu9250.dir/all] Error 2
[1.000s] gmake: *** [Makefile:146: all] Error 2
[1.003s] Invoked command in '/home/hkn/mpu9250_ws/src/build/mpu9250_publisher' returned '2': CMAKE_PREFIX_PATH=/opt/ros/humble /usr/bin/cmake --build /home/hkn/mpu9250_ws/src/build/mpu9250_publisher -- -j8 -l8
