[0.014s] Invoking command in '/home/hkn/mpu9250_ws/src/build/mpu9250_publisher': CMAKE_PREFIX_PATH=/opt/ros/humble /usr/bin/cmake --build /home/hkn/mpu9250_ws/src/build/mpu9250_publisher -- -j8 -l8
[0.111s] [ 33%] [32mBuilding CXX object CMakeFiles/mpu9250.dir/src/mpu9250_publisher_node.cpp.o[0m
[0.115s] [ 66%] [32mBuilding CXX object CMakeFiles/mpu9250.dir/src/mpu9250.cpp.o[0m
[0.127s] [01m[K/home/hkn/mpu9250_ws/src/mpu9250_publisher/src/mpu9250.cpp:1:10:[m[K [01;31m[Kfatal error: [m[Kmpu9250_publisher/mpu9250.hpp: No such file or directory
[0.127s]     1 | #include [01;31m[K"mpu9250_publisher/mpu9250.hpp"[m[K
[0.127s]       |          [01;31m[K^~~~~~~~~~~~~~~~~~~~~~~~~~~~~~~[m[K
[0.128s] compilation terminated.
[0.128s] gmake[2]: *** [CMakeFiles/mpu9250.dir/build.make:90: CMakeFiles/mpu9250.dir/src/mpu9250.cpp.o] Error 1
[0.128s] gmake[2]: *** Waiting for unfinished jobs....
[0.394s] [01m[K/home/hkn/mpu9250_ws/src/mpu9250_publisher/src/mpu9250_publisher_node.cpp:6:10:[m[K [01;31m[Kfatal error: [m[Kmpu9250_publisher/mpu9250.hpp: No such file or directory
[0.394s]     6 | #include [01;31m[K"mpu9250_publisher/mpu9250.hpp"[m[K
[0.394s]       |          [01;31m[K^~~~~~~~~~~~~~~~~~~~~~~~~~~~~~~[m[K
[0.394s] compilation terminated.
[0.397s] gmake[2]: *** [CMakeFiles/mpu9250.dir/build.make:76: CMakeFiles/mpu9250.dir/src/mpu9250_publisher_node.cpp.o] Error 1
[0.397s] gmake[1]: *** [CMakeFiles/Makefile2:137: CMakeFiles/mpu9250.dir/all] Error 2
[0.398s] gmake: *** [Makefile:146: all] Error 2
[0.400s] Invoked command in '/home/hkn/mpu9250_ws/src/build/mpu9250_publisher' returned '2': CMAKE_PREFIX_PATH=/opt/ros/humble /usr/bin/cmake --build /home/hkn/mpu9250_ws/src/build/mpu9250_publisher -- -j8 -l8
